<?xml version="1.0" encoding="UTF-8"?>
<!-- Generated by org.testng.reporters.JUnitReportReporter -->
<testsuite hostname="DESKTOP-TRIET" failures="0" tests="3" name="tests.PutAndPatchAndDelete" time="2.353" errors="0" timestamp="2022-06-07T00:03:13 ICT" skipped="0">
  <testcase classname="tests.PutAndPatchAndDelete" name="testPatch" time="0.586"/>
  <system-out/>
  <testcase classname="tests.PutAndPatchAndDelete" name="testDelete" time="0.851"/>
  <system-out/>
  <testcase classname="tests.PutAndPatchAndDelete" name="testPut" time="0.916"/>
  <system-out/>
</testsuite> <!-- tests.PutAndPatchAndDelete -->
