<?xml version="1.0" encoding="UTF-8"?>
<!-- Generated by org.testng.reporters.JUnitReportReporter -->
<testsuite hostname="DESKTOP-TRIET" failures="0" tests="2" name="tests.TestGetAndPostExamples" time="2.399" errors="0" timestamp="2022-05-22T14:21:28 ICT" skipped="0">
  <testcase classname="tests.TestGetAndPostExamples" name="testPOST2" time="0.527"/>
  <system-out/>
  <testcase classname="tests.TestGetAndPostExamples" name="testPOST" time="1.872"/>
  <system-out/>
</testsuite> <!-- tests.TestGetAndPostExamples -->
