<?xml version="1.0" encoding="UTF-8"?>
<!-- Generated by org.testng.reporters.JUnitReportReporter -->
<testsuite hostname="DESKTOP-TRIET" failures="0" tests="7" name="tests.TestGetAndPostExamples" time="5.809" errors="0" timestamp="2022-06-07T00:03:13 ICT" skipped="0">
  <testcase classname="tests.TestGetAndPostExamples" name="test_ScenarioRetrieveFirstCircuitFor2017SeasonAndGetCountry_ShouldBeAustralia" time="1.300"/>
  <system-out/>
  <testcase classname="tests.TestGetAndPostExamples" name="testGet" time="0.562"/>
  <system-out/>
  <testcase classname="tests.TestGetAndPostExamples" name="test_Md5CheckSumForTest_ShouldBe098f6bcd4621d373cade4e832627b4f6" time="0.311"/>
  <system-out/>
  <testcase classname="tests.TestGetAndPostExamples" name="test_NumberOfCircuits_ShouldBe_DataDriven" time="0.624"/>
  <system-out/>
  <testcase classname="tests.TestGetAndPostExamples" name="test_NumberOfCircuits_ShouldBe_DataDriven" time="0.679"/>
  <system-out/>
  <testcase classname="tests.TestGetAndPostExamples" name="test_Md5CheckSumForTest_ShouldBe098f6bcd4621d373cade4e832627b4f6" time="1.690"/>
  <system-out/>
  <testcase classname="tests.TestGetAndPostExamples" name="test_NumberOfCircuits_ShouldBe_DataDriven" time="0.643"/>
  <system-out/>
</testsuite> <!-- tests.TestGetAndPostExamples -->
