<?xml version="1.0" encoding="UTF-8"?>
<!-- Generated by org.testng.reporters.JUnitReportReporter -->
<testsuite hostname="DESKTOP-TRIET" failures="0" tests="2" name="tests.TestGetAndPostExamples" time="2.415" errors="0" timestamp="2022-05-23T07:39:53 ICT" skipped="0">
  <testcase classname="tests.TestGetAndPostExamples" name="testPOST" time="1.874"/>
  <system-out/>
  <testcase classname="tests.TestGetAndPostExamples" name="testPOST2" time="0.541"/>
  <system-out/>
</testsuite> <!-- tests.TestGetAndPostExamples -->
