<?xml version="1.0" encoding="UTF-8"?>
<!-- Generated by org.testng.reporters.JUnitReportReporter -->
<testsuite hostname="DESKTOP-TRIET" failures="0" tests="3" name="tests.PutAndPatchAndDelete" time="1.824" errors="0" timestamp="2022-05-23T07:39:53 ICT" skipped="0">
  <testcase classname="tests.PutAndPatchAndDelete" name="testDelete" time="0.574"/>
  <system-out/>
  <testcase classname="tests.PutAndPatchAndDelete" name="testPatch" time="0.540"/>
  <system-out/>
  <testcase classname="tests.PutAndPatchAndDelete" name="testPut" time="0.710"/>
  <system-out/>
</testsuite> <!-- tests.PutAndPatchAndDelete -->
